<?xml version="1.0" encoding="UTF-8"?>
<robot generator="Robot 4.0.3 (Python 3.9.5 on win32)" generated="20210621 01:17:26.731" rpa="false" schemaversion="2">
<suite id="s1" name="Tests" source="C:\SuiteSiteTestePractice\tests">
<suite id="s1-s1" name="SuiteSitePracticeBDD" source="C:\SuiteSiteTestePractice\tests\SuiteSitePracticeBDD.robot">
<test id="s1-s1-t1" name="CT 02: Pesquisar Produtos não Existentes">
<kw name="Abrir navegador" library="Resource" type="SETUP">
<kw name="Open Browser" library="SeleniumLibrary">
<arg>about:blank</arg>
<arg>${BROWSER}</arg>
<doc>Opens a new browser instance to the optional ``url``.</doc>
<msg timestamp="20210621 01:17:26.934" level="INFO">Opening browser 'firefox' to base url 'about:blank'.</msg>
<msg timestamp="20210621 01:17:26.935" level="INFO">Firefox driver log is always forced to to: C:\SuiteSiteTestePractice\geckodriver-2.log</msg>
<status status="PASS" starttime="20210621 01:17:26.934" endtime="20210621 01:17:32.822"/>
</kw>
<status status="PASS" starttime="20210621 01:17:26.933" endtime="20210621 01:17:32.823"/>
</kw>
<kw name="Dado que estou na pagina home do site" library="Resource">
<kw name="Go To" library="SeleniumLibrary">
<arg>${URL}</arg>
<doc>Navigates the current browser window to the provided ``url``.</doc>
<msg timestamp="20210621 01:17:32.824" level="INFO">Opening url 'http://automationpractice.com/index.php'</msg>
<status status="PASS" starttime="20210621 01:17:32.824" endtime="20210621 01:17:37.735"/>
</kw>
<kw name="Wait Until Page Contains" library="SeleniumLibrary">
<arg>${TITLE}</arg>
<doc>Waits until ``text`` appears on the current page.</doc>
<status status="PASS" starttime="20210621 01:17:37.736" endtime="20210621 01:17:37.853"/>
</kw>
<kw name="Title Should Be" library="SeleniumLibrary">
<arg>${TITLE}</arg>
<doc>Verifies that the current page title equals ``title``.</doc>
<msg timestamp="20210621 01:17:37.858" level="INFO">Page title is 'My Store'.</msg>
<status status="PASS" starttime="20210621 01:17:37.854" endtime="20210621 01:17:37.859"/>
</kw>
<status status="PASS" starttime="20210621 01:17:32.823" endtime="20210621 01:17:37.859"/>
</kw>
<kw name="Quando eu pesquisar pelo produto &quot;Test&quot;" library="Resource" sourcename="Quando eu pesquisar pelo produto &quot;${PRODUTO}&quot;">
<kw name="Input Text" library="SeleniumLibrary">
<arg>${CAMPO_PESQUISAR}</arg>
<arg>${PRODUTO}</arg>
<doc>Types the given ``text`` into the text field identified by ``locator``.</doc>
<msg timestamp="20210621 01:17:37.862" level="INFO">Typing text 'Test' into text field 'css=#search_query_top'.</msg>
<status status="PASS" starttime="20210621 01:17:37.861" endtime="20210621 01:17:37.913"/>
</kw>
<kw name="Click Button" library="SeleniumLibrary">
<arg>${BOTAO_LUPA}</arg>
<doc>Clicks the button identified by ``locator``.</doc>
<msg timestamp="20210621 01:17:37.915" level="INFO">Clicking button 'css=[name='submit_search']'.</msg>
<status status="PASS" starttime="20210621 01:17:37.914" endtime="20210621 01:17:39.734"/>
</kw>
<status status="PASS" starttime="20210621 01:17:37.860" endtime="20210621 01:17:39.736"/>
</kw>
<kw name="Então validar mensagem de erro &quot;No results were found for your search &quot;Test&quot;&quot;" library="Resource" sourcename="Então validar mensagem de erro ${MENSAGEM_ALERTA}">
<kw name="Wait Until Element Is Visible" library="SeleniumLibrary">
<arg>${PRODUTO_INEXISTENTE}</arg>
<doc>Waits until the element ``locator`` is visible.</doc>
<status status="PASS" starttime="20210621 01:17:39.738" endtime="20210621 01:17:39.813"/>
</kw>
<status status="PASS" starttime="20210621 01:17:39.736" endtime="20210621 01:17:39.815"/>
</kw>
<kw name="Fechar navegador" library="Resource" type="TEARDOWN">
<kw name="Close Browser" library="SeleniumLibrary">
<doc>Closes the current browser.</doc>
<status status="PASS" starttime="20210621 01:17:39.818" endtime="20210621 01:17:40.631"/>
</kw>
<status status="PASS" starttime="20210621 01:17:39.816" endtime="20210621 01:17:40.631"/>
</kw>
<status status="PASS" starttime="20210621 01:17:26.932" endtime="20210621 01:17:40.631"/>
</test>
<status status="PASS" starttime="20210621 01:17:26.758" endtime="20210621 01:17:40.633"/>
</suite>
<suite id="s1-s2" name="SuiteSitePracticeProcedural" source="C:\SuiteSiteTestePractice\tests\SuiteSitePracticeProcedural.robot">
<test id="s1-s2-t1" name="CT 02: Pesquisar Produtos não Existentes">
<kw name="Acessar pagina home do site">
<msg timestamp="20210621 01:17:40.651" level="FAIL">No keyword with name 'Acessar pagina home do site' found.</msg>
<status status="FAIL" starttime="20210621 01:17:40.650" endtime="20210621 01:17:40.651"/>
</kw>
<kw name="Conferir se a pagina home foi exibida">
<status status="NOT RUN" starttime="20210621 01:17:40.655" endtime="20210621 01:17:40.655"/>
</kw>
<kw name="Digitar o nome do produto &quot;itemNãoExistente&quot;">
<status status="NOT RUN" starttime="20210621 01:17:40.659" endtime="20210621 01:17:40.659"/>
</kw>
<kw name="Clicar no botão pesquisar">
<status status="NOT RUN" starttime="20210621 01:17:40.662" endtime="20210621 01:17:40.662"/>
</kw>
<kw name="Conferir mensagem de erro &quot;No Results were found for your search &quot;itemNãoExistente&quot;&quot;">
<status status="NOT RUN" starttime="20210621 01:17:40.664" endtime="20210621 01:17:40.665"/>
</kw>
<status status="FAIL" starttime="20210621 01:17:40.645" endtime="20210621 01:17:40.665">No keyword with name 'Acessar pagina home do site' found.</status>
</test>
<status status="FAIL" starttime="20210621 01:17:40.635" endtime="20210621 01:17:40.667"/>
</suite>
<status status="FAIL" starttime="20210621 01:17:26.733" endtime="20210621 01:17:40.670"/>
</suite>
<statistics>
<total>
<stat pass="1" fail="1" skip="0">All Tests</stat>
</total>
<tag>
</tag>
<suite>
<stat pass="1" fail="1" skip="0" id="s1" name="Tests">Tests</stat>
<stat pass="1" fail="0" skip="0" id="s1-s1" name="SuiteSitePracticeBDD">Tests.SuiteSitePracticeBDD</stat>
<stat pass="0" fail="1" skip="0" id="s1-s2" name="SuiteSitePracticeProcedural">Tests.SuiteSitePracticeProcedural</stat>
</suite>
</statistics>
<errors>
<msg timestamp="20210621 01:17:40.642" level="ERROR">Error in file 'C:\SuiteSiteTestePractice\tests\SuiteSitePracticeProcedural.robot' on line 3: Importing library 'Selenium' failed: ModuleNotFoundError: No module named 'Selenium'
Traceback (most recent call last):
  None
PYTHONPATH:
  C:\Users\jefferson.alves\AppData\Local\Programs\Python\Python39\Scripts\robot.exe
  C:\Program Files\WindowsApps\PythonSoftwareFoundation.Python.3.9_3.9.1520.0_x64__qbz5n2kfra8p0\python39.zip
  C:\Program Files\WindowsApps\PythonSoftwareFoundation.Python.3.9_3.9.1520.0_x64__qbz5n2kfra8p0\DLLs
  C:\Program Files\WindowsApps\PythonSoftwareFoundation.Python.3.9_3.9.1520.0_x64__qbz5n2kfra8p0\lib
  C:\Users\jefferson.alves\AppData\Local\Microsoft\WindowsApps\PythonSoftwareFoundation.Python.3.9_qbz5n2kfra8p0
  C:\Users\jefferson.alves\AppData\Local\Packages\PythonSoftwareFoundation.Python.3.9_qbz5n2kfra8p0\LocalCache\local-packages\Python39\site-packages
  C:\Program Files\WindowsApps\PythonSoftwareFoundation.Python.3.9_3.9.1520.0_x64__qbz5n2kfra8p0
  C:\Program Files\WindowsApps\PythonSoftwareFoundation.Python.3.9_3.9.1520.0_x64__qbz5n2kfra8p0\lib\site-packages</msg>
</errors>
</robot>
